<?xml version="1.0" encoding="UTF-8"?>
<!-- Generated by org.testng.reporters.JUnitReportReporter -->
<testsuite hostname="DESKTOP-4GBVQK8" failures="0" tests="3" name="Testcases.LoginPageTest" time="11.779" errors="0" timestamp="2024-05-21T15:46:07 PKT" skipped="0">
  <testcase classname="Testcases.LoginPageTest" name="loginPageTitleTest" time="4.225"/>
  <system-out/>
  <testcase classname="Testcases.LoginPageTest" name="invalidLoginTest" time="3.777"/>
  <system-out/>
  <testcase classname="Testcases.LoginPageTest" name="loginTest" time="3.777"/>
  <system-out/>
</testsuite> <!-- Testcases.LoginPageTest -->
